app/build/outputs/logs/manifest-merger-debug-report.txt
-- Merging decision tree log ---
manifest
ADDED from src/main/AndroidManifest.xml:2:1-116:12
	package
		ADDED from src/main/AndroidManifest.xml:4:5-41
		INJECTED from src/main/AndroidManifest.xml
		INJECTED from src/main/AndroidManifest.xml
	android:versionName
		INJECTED from src/main/AndroidManifest.xml
		INJECTED from src/main/AndroidManifest.xml
	xmlns:tools
		ADDED from src/main/AndroidManifest.xml:3:5-51
	xmlns:android
		ADDED from src/main/AndroidManifest.xml:2:11-69
	android:versionCode
		INJECTED from src/main/AndroidManifest.xml
		INJECTED from src/main/AndroidManifest.xml
uses-permission#android.permission.WAKE_LOCK
ADDED from src/main/AndroidManifest.xml:6:5-68
	android:name
		ADDED from src/main/AndroidManifest.xml:6:22-65
uses-permission#android.permission.RECEIVE_BOOT_COMPLETED
ADDED from src/main/AndroidManifest.xml:7:5-81
	android:name
		ADDED from src/main/AndroidManifest.xml:7:22-78
uses-permission#android.permission.WRITE_SETTINGS
ADDED from src/main/AndroidManifest.xml:8:5-73
	android:name
		ADDED from src/main/AndroidManifest.xml:8:22-70
uses-permission#android.permission.ACCESS_WIFI_STATE
ADDED from src/main/AndroidManifest.xml:9:5-76
	android:name
		ADDED from src/main/AndroidManifest.xml:9:22-73
uses-permission#android.permission.CHANGE_WIFI_STATE
ADDED from src/main/AndroidManifest.xml:10:5-76
	android:name
		ADDED from src/main/AndroidManifest.xml:10:22-73
uses-permission#android.permission.READ_LOGS
ADDED from src/main/AndroidManifest.xml:11:5-68
	android:name
		ADDED from src/main/AndroidManifest.xml:11:22-65
uses-permission#android.permission.READ_PHONE_STATE
ADDED from src/main/AndroidManifest.xml:12:5-75
	android:name
		ADDED from src/main/AndroidManifest.xml:12:22-72
uses-permission#android.permission.DUMP
ADDED from src/main/AndroidManifest.xml:13:5-15:47
	tools:ignore
		ADDED from src/main/AndroidManifest.xml:15:9-44
	android:name
		ADDED from src/main/AndroidManifest.xml:14:9-47
uses-permission#android.permission.DEVICE_POWER
ADDED from src/main/AndroidManifest.xml:16:5-18:47
	tools:ignore
		ADDED from src/main/AndroidManifest.xml:18:9-44
	android:name
		ADDED from src/main/AndroidManifest.xml:17:9-55
application
ADDED from src/main/AndroidManifest.xml:20:5-114:19
MERGED from [com.github.afollestad.material-dialogs:core:0.8.5.8] AndroidManifest.xml:13:5-20
MERGED from [com.android.support:support-compat:25.0.1] AndroidManifest.xml:25:5-20
MERGED from [com.android.support:support-core-ui:25.0.1] AndroidManifest.xml:25:5-20
MERGED from [com.android.support:appcompat-v7:25.0.1] AndroidManifest.xml:25:5-20
MERGED from [com.android.support:support-v4:25.0.1] AndroidManifest.xml:25:5-20
MERGED from [com.android.support:support-media-compat:25.0.1] AndroidManifest.xml:25:5-20
MERGED from [com.android.support:support-core-utils:25.0.1] AndroidManifest.xml:25:5-20
MERGED from [com.android.support:support-fragment:25.0.1] AndroidManifest.xml:25:5-20
MERGED from [com.android.support:support-vector-drawable:25.0.1] AndroidManifest.xml:23:5-20
MERGED from [com.android.support:animated-vector-drawable:25.0.1] AndroidManifest.xml:22:5-20
MERGED from [com.android.support:design:25.0.1] AndroidManifest.xml:25:5-20
MERGED from [com.android.support:transition:25.0.1] AndroidManifest.xml:22:5-20
MERGED from [com.jakewharton:process-phoenix:1.0.2] AndroidManifest.xml:7:5-12:19
MERGED from [de.cketti.library.changelog:ckchangelog:1.2.2] AndroidManifest.xml:9:5-20
MERGED from [io.github.eliseomartelli:simple-custom-tabs:1.4.2] AndroidManifest.xml:11:5-15:19
MERGED from [com.android.support:customtabs:23.4.0] AndroidManifest.xml:22:5-20
MERGED from [de.psdev.licensesdialog:licensesdialog:1.8.1] AndroidManifest.xml:19:5-19
MERGED from [com.github.dexafree:materiallist:3.2.1] AndroidManifest.xml:11:5-14:19
MERGED from [com.android.support:cardview-v7:23.2.1] AndroidManifest.xml:22:5-20
	android:label
		ADDED from src/main/AndroidManifest.xml:24:9-41
	android:supportsRtl
		ADDED from src/main/AndroidManifest.xml:25:9-35
	android:allowBackup
		ADDED from src/main/AndroidManifest.xml:22:9-35
	android:icon
		ADDED from src/main/AndroidManifest.xml:23:9-43
	android:theme
		ADDED from src/main/AndroidManifest.xml:26:9-40
	android:name
		ADDED from src/main/AndroidManifest.xml:21:9-38
activity#com.suyashsrijan.forcedoze.MainActivity
ADDED from src/main/AndroidManifest.xml:27:9-34:20
	android:name
		ADDED from src/main/AndroidManifest.xml:27:19-47
intent-filter#android.intent.action.MAIN+android.intent.category.DEFAULT+android.intent.category.LAUNCHER
ADDED from src/main/AndroidManifest.xml:28:13-33:29
action#android.intent.action.MAIN
ADDED from src/main/AndroidManifest.xml:29:17-69
	android:name
		ADDED from src/main/AndroidManifest.xml:29:25-66
category#android.intent.category.DEFAULT
ADDED from src/main/AndroidManifest.xml:31:17-76
	android:name
		ADDED from src/main/AndroidManifest.xml:31:27-73
category#android.intent.category.LAUNCHER
ADDED from src/main/AndroidManifest.xml:32:17-77
	android:name
		ADDED from src/main/AndroidManifest.xml:32:27-74
receiver#com.suyashsrijan.forcedoze.BootCompleteReceiver
ADDED from src/main/AndroidManifest.xml:36:9-40:20
	android:name
		ADDED from src/main/AndroidManifest.xml:36:19-55
intent-filter#android.intent.action.BOOT_COMPLETED
ADDED from src/main/AndroidManifest.xml:37:13-39:29
action#android.intent.action.BOOT_COMPLETED
ADDED from src/main/AndroidManifest.xml:38:17-79
	android:name
		ADDED from src/main/AndroidManifest.xml:38:25-76
receiver#com.suyashsrijan.forcedoze.AutoRestartOnUpdate
ADDED from src/main/AndroidManifest.xml:41:9-47:20
	android:name
		ADDED from src/main/AndroidManifest.xml:41:19-54
intent-filter#android.intent.action.PACKAGE_REPLACED
ADDED from src/main/AndroidManifest.xml:42:13-46:29
action#android.intent.action.PACKAGE_REPLACED
ADDED from src/main/AndroidManifest.xml:43:17-81
	android:name
		ADDED from src/main/AndroidManifest.xml:43:25-78
data
ADDED from src/main/AndroidManifest.xml:45:17-50
	android:scheme
		ADDED from src/main/AndroidManifest.xml:45:23-47
receiver#com.suyashsrijan.forcedoze.EnableForceDozeService
ADDED from src/main/AndroidManifest.xml:48:9-54:20
	android:enabled
		ADDED from src/main/AndroidManifest.xml:50:13-35
	android:name
		ADDED from src/main/AndroidManifest.xml:49:13-51
intent-filter#com.suyashsrijan.forcedoze.ENABLE_FORCEDOZE
ADDED from src/main/AndroidManifest.xml:51:13-53:29
action#com.suyashsrijan.forcedoze.ENABLE_FORCEDOZE
ADDED from src/main/AndroidManifest.xml:52:17-86
	android:name
		ADDED from src/main/AndroidManifest.xml:52:25-83
receiver#com.suyashsrijan.forcedoze.DisableForceDozeService
ADDED from src/main/AndroidManifest.xml:55:9-61:20
	android:enabled
		ADDED from src/main/AndroidManifest.xml:57:13-35
	android:name
		ADDED from src/main/AndroidManifest.xml:56:13-52
intent-filter#com.suyashsrijan.forcedoze.DISABLE_FORCEDOZE
ADDED from src/main/AndroidManifest.xml:58:13-60:29
action#com.suyashsrijan.forcedoze.DISABLE_FORCEDOZE
ADDED from src/main/AndroidManifest.xml:59:17-87
	android:name
		ADDED from src/main/AndroidManifest.xml:59:25-84
receiver#com.suyashsrijan.forcedoze.AddWhiteListReceiver
ADDED from src/main/AndroidManifest.xml:62:9-68:20
	android:enabled
		ADDED from src/main/AndroidManifest.xml:64:13-35
	android:name
		ADDED from src/main/AndroidManifest.xml:63:13-49
intent-filter#com.suyashsrijan.forcedoze.ADD_WHITELIST
ADDED from src/main/AndroidManifest.xml:65:13-67:29
action#com.suyashsrijan.forcedoze.ADD_WHITELIST
ADDED from src/main/AndroidManifest.xml:66:17-83
	android:name
		ADDED from src/main/AndroidManifest.xml:66:25-80
receiver#com.suyashsrijan.forcedoze.RemoveWhiteListReceiver
ADDED from src/main/AndroidManifest.xml:69:9-75:20
	android:enabled
		ADDED from src/main/AndroidManifest.xml:71:13-35
	android:name
		ADDED from src/main/AndroidManifest.xml:70:13-52
intent-filter#com.suyashsrijan.forcedoze.REMOVE_WHITELIST
ADDED from src/main/AndroidManifest.xml:72:13-74:29
action#com.suyashsrijan.forcedoze.REMOVE_WHITELIST
ADDED from src/main/AndroidManifest.xml:73:17-86
	android:name
		ADDED from src/main/AndroidManifest.xml:73:25-83
receiver#com.suyashsrijan.forcedoze.SettingsChangeReceiver
ADDED from src/main/AndroidManifest.xml:76:9-82:20
	android:enabled
		ADDED from src/main/AndroidManifest.xml:78:13-35
	android:name
		ADDED from src/main/AndroidManifest.xml:77:13-51
intent-filter#com.suyashsrijan.forcedoze.CHANGE_SETTING
ADDED from src/main/AndroidManifest.xml:79:13-81:29
action#com.suyashsrijan.forcedoze.CHANGE_SETTING
ADDED from src/main/AndroidManifest.xml:80:17-84
	android:name
		ADDED from src/main/AndroidManifest.xml:80:25-81
service#com.suyashsrijan.forcedoze.ForceDozeService
ADDED from src/main/AndroidManifest.xml:84:9-87:40
	android:enabled
		ADDED from src/main/AndroidManifest.xml:86:13-35
	android:exported
		ADDED from src/main/AndroidManifest.xml:87:13-37
	android:name
		ADDED from src/main/AndroidManifest.xml:85:13-45
activity#com.suyashsrijan.forcedoze.DozeStatsActivity
ADDED from src/main/AndroidManifest.xml:89:9-91:56
	android:label
		ADDED from src/main/AndroidManifest.xml:91:13-53
	android:name
		ADDED from src/main/AndroidManifest.xml:90:13-46
activity#com.suyashsrijan.forcedoze.DozeBatteryStatsActivity
ADDED from src/main/AndroidManifest.xml:93:9-95:50
	android:label
		ADDED from src/main/AndroidManifest.xml:95:13-47
	android:name
		ADDED from src/main/AndroidManifest.xml:94:13-53
activity#com.suyashsrijan.forcedoze.WhitelistAppsActivity
ADDED from src/main/AndroidManifest.xml:97:9-99:41
	android:label
		ADDED from src/main/AndroidManifest.xml:99:13-38
	android:name
		ADDED from src/main/AndroidManifest.xml:98:13-50
activity#com.suyashsrijan.forcedoze.SettingsActivity
ADDED from src/main/AndroidManifest.xml:100:9-102:40
	android:label
		ADDED from src/main/AndroidManifest.xml:102:13-37
	android:name
		ADDED from src/main/AndroidManifest.xml:101:13-45
activity#com.suyashsrijan.forcedoze.PackageChooserActivity
ADDED from src/main/AndroidManifest.xml:103:9-105:47
	android:label
		ADDED from src/main/AndroidManifest.xml:105:13-44
	android:name
		ADDED from src/main/AndroidManifest.xml:104:13-51
activity#com.suyashsrijan.forcedoze.AboutAppActivity
ADDED from src/main/AndroidManifest.xml:106:9-108:37
	android:label
		ADDED from src/main/AndroidManifest.xml:108:13-34
	android:name
		ADDED from src/main/AndroidManifest.xml:107:13-45
receiver#com.suyashsrijan.forcedoze.ReenterDoze
ADDED from src/main/AndroidManifest.xml:110:9-113:39
	android:enabled
		ADDED from src/main/AndroidManifest.xml:112:13-35
	android:exported
		ADDED from src/main/AndroidManifest.xml:113:13-36
	android:name
		ADDED from src/main/AndroidManifest.xml:111:13-40
uses-sdk
INJECTED from src/main/AndroidManifest.xml reason: use-sdk injection requested
MERGED from [com.github.afollestad.material-dialogs:core:0.8.5.8] AndroidManifest.xml:8:5-11:75
MERGED from [com.android.support:recyclerview-v7:25.0.1] AndroidManifest.xml:20:5-43
MERGED from [com.android.support:support-compat:25.0.1] AndroidManifest.xml:21:5-23:58
MERGED from [com.android.support:support-core-ui:25.0.1] AndroidManifest.xml:21:5-23:58
MERGED from [me.zhanghai.android.materialprogressbar:library:1.1.5] AndroidManifest.xml:12:5-14:41
MERGED from [com.android.support:appcompat-v7:25.0.1] AndroidManifest.xml:21:5-23:78
MERGED from [com.android.support:support-v4:25.0.1] AndroidManifest.xml:21:5-23:54
MERGED from [com.android.support:support-media-compat:25.0.1] AndroidManifest.xml:21:5-23:63
MERGED from [com.android.support:support-core-utils:25.0.1] AndroidManifest.xml:21:5-23:61
MERGED from [com.android.support:support-fragment:25.0.1] AndroidManifest.xml:21:5-23:60
MERGED from [com.android.support:support-vector-drawable:25.0.1] AndroidManifest.xml:21:5-43
MERGED from [com.android.support:animated-vector-drawable:25.0.1] AndroidManifest.xml:20:5-44
MERGED from [com.android.support:design:25.0.1] AndroidManifest.xml:21:5-23:62
MERGED from [com.android.support:transition:25.0.1] AndroidManifest.xml:20:5-44
MERGED from [eu.chainfire:libsuperuser:1.0.0.201608240809] AndroidManifest.xml:7:5-9:41
MERGED from [com.fabiendevos:nanotasks:1.1.0] AndroidManifest.xml:7:5-9:41
MERGED from [com.jakewharton:process-phoenix:1.0.2] AndroidManifest.xml:5:5-43
MERGED from [de.cketti.library.changelog:ckchangelog:1.2.2] AndroidManifest.xml:7:5-43
MERGED from [io.github.eliseomartelli:simple-custom-tabs:1.4.2] AndroidManifest.xml:7:5-9:41
MERGED from [com.android.support:customtabs:23.4.0] AndroidManifest.xml:20:5-44
MERGED from [de.psdev.licensesdialog:licensesdialog:1.8.1] AndroidManifest.xml:18:5-72
MERGED from [com.github.dexafree:materiallist:3.2.1] AndroidManifest.xml:7:5-9:41
MERGED from [com.android.support:cardview-v7:23.2.1] AndroidManifest.xml:20:5-43
	tools:overrideLibrary
		ADDED from [com.github.afollestad.material-dialogs:core:0.8.5.8] AndroidManifest.xml:11:9-72
	android:targetSdkVersion
		INJECTED from src/main/AndroidManifest.xml
		INJECTED from src/main/AndroidManifest.xml
	android:minSdkVersion
		INJECTED from src/main/AndroidManifest.xml
		INJECTED from src/main/AndroidManifest.xml
activity#com.jakewharton.processphoenix.ProcessPhoenix
ADDED from [com.jakewharton:process-phoenix:1.0.2] AndroidManifest.xml:8:9-11:75
	android:process
		ADDED from [com.jakewharton:process-phoenix:1.0.2] AndroidManifest.xml:10:13-39
	android:theme
		ADDED from [com.jakewharton:process-phoenix:1.0.2] AndroidManifest.xml:11:13-72
	android:name
		ADDED from [com.jakewharton:process-phoenix:1.0.2] AndroidManifest.xml:9:13-73